c:\users\lz\desktop\5 sem\kr1\kr1\x64\debug\vc143.pdb
c:\users\lz\desktop\5 sem\kr1\kr1\x64\debug\vc143.idb
c:\users\lz\desktop\5 sem\kr1\kr1\x64\debug\kr1.obj
c:\users\lz\desktop\5 sem\kr1\kr1\x64\debug\bstree.obj
c:\users\lz\desktop\5 sem\kr1\kr1\x64\debug\kr1.pdb
c:\users\lz\desktop\5 sem\kr1\kr1\x64\debug\kr1.tlog\cl.command.1.tlog
c:\users\lz\desktop\5 sem\kr1\kr1\x64\debug\kr1.tlog\cl.read.1.tlog
c:\users\lz\desktop\5 sem\kr1\kr1\x64\debug\kr1.tlog\cl.write.1.tlog
c:\users\lz\desktop\5 sem\kr1\kr1\x64\debug\kr1.tlog\link-cvtres.read.1.tlog
c:\users\lz\desktop\5 sem\kr1\kr1\x64\debug\kr1.tlog\link-cvtres.write.1.tlog
c:\users\lz\desktop\5 sem\kr1\kr1\x64\debug\kr1.tlog\link-rc.read.1.tlog
c:\users\lz\desktop\5 sem\kr1\kr1\x64\debug\kr1.tlog\link-rc.write.1.tlog
c:\users\lz\desktop\5 sem\kr1\kr1\x64\debug\kr1.tlog\link.7136-cvtres.read.1.tlog
c:\users\lz\desktop\5 sem\kr1\kr1\x64\debug\kr1.tlog\link.7136-cvtres.write.1.tlog
c:\users\lz\desktop\5 sem\kr1\kr1\x64\debug\kr1.tlog\link.7136-rc.read.1.tlog
c:\users\lz\desktop\5 sem\kr1\kr1\x64\debug\kr1.tlog\link.7136-rc.write.1.tlog
c:\users\lz\desktop\5 sem\kr1\kr1\x64\debug\kr1.tlog\link.7136.read.1.tlog
c:\users\lz\desktop\5 sem\kr1\kr1\x64\debug\kr1.tlog\link.7136.read.2.tlog
c:\users\lz\desktop\5 sem\kr1\kr1\x64\debug\kr1.tlog\link.7136.write.1.tlog
c:\users\lz\desktop\5 sem\kr1\kr1\x64\debug\kr1.tlog\link.command.1.tlog
c:\users\lz\desktop\5 sem\kr1\kr1\x64\debug\kr1.tlog\link.read.1.tlog
c:\users\lz\desktop\5 sem\kr1\kr1\x64\debug\kr1.tlog\link.read.2.tlog
c:\users\lz\desktop\5 sem\kr1\kr1\x64\debug\kr1.tlog\link.write.1.tlog
